<?xml version="1.0" encoding="UTF-8"?>
<testng-results skipped="0" failed="0" total="3" passed="3">
  <reporter-output>
  </reporter-output>
  <suite name="Suite" duration-ms="55" started-at="2020-07-13T14:54:24Z" finished-at="2020-07-13T14:54:24Z">
    <groups>
      <group name="aaa">
        <method signature="annotations.test2()[pri:0, instance:app.test.annotations@2471cca7]" name="test2" class="app.test.annotations"/>
      </group> <!-- aaa -->
      <group name="bbb">
        <method signature="annotations.atest5()[pri:0, instance:app.test.annotations@2471cca7]" name="atest5" class="app.test.annotations"/>
        <method signature="annotations.test2()[pri:0, instance:app.test.annotations@2471cca7]" name="test2" class="app.test.annotations"/>
        <method signature="annotations.test3()[pri:0, instance:app.test.annotations@2471cca7]" name="test3" class="app.test.annotations"/>
      </group> <!-- bbb -->
    </groups>
    <test name="Test" duration-ms="55" started-at="2020-07-13T14:54:24Z" finished-at="2020-07-13T14:54:24Z">
      <class name="app.test.annotations">
        <test-method status="PASS" signature="atest5()[pri:0, instance:app.test.annotations@2471cca7]" name="atest5" duration-ms="16" started-at="2020-07-13T20:24:24Z" finished-at="2020-07-13T20:24:24Z">
          <reporter-output>
          </reporter-output>
        </test-method> <!-- atest5 -->
        <test-method status="PASS" signature="test2()[pri:0, instance:app.test.annotations@2471cca7]" name="test2" duration-ms="3" started-at="2020-07-13T20:24:24Z" finished-at="2020-07-13T20:24:24Z">
          <reporter-output>
          </reporter-output>
        </test-method> <!-- test2 -->
        <test-method status="PASS" signature="test3()[pri:0, instance:app.test.annotations@2471cca7]" name="test3" duration-ms="3" started-at="2020-07-13T20:24:24Z" finished-at="2020-07-13T20:24:24Z">
          <reporter-output>
          </reporter-output>
        </test-method> <!-- test3 -->
      </class> <!-- app.test.annotations -->
    </test> <!-- Test -->
  </suite> <!-- Suite -->
</testng-results>
